This is pdfTeX, Version 3.14159265-2.6-1.40.21 (TeX Live 2020) (preloaded format=pdflatex 2020.4.7)  22 FEB 2021 10:19
entering extended mode
 restricted \write18 enabled.
 %&-line parsing enabled.
**thesis.tex
(./thesis.tex
LaTeX2e <2020-02-02> patch level 5
L3 programming layer <2020-03-06> (./reedthesis.cls
Document Class: reedthesis 2004/01/27 The Reed College Thesis Class
(/usr/local/texlive/2020/texmf-dist/tex/latex/base/book.cls
Document Class: book 2019/12/20 v1.4l Standard LaTeX document class
(/usr/local/texlive/2020/texmf-dist/tex/latex/base/bk12.clo
File: bk12.clo 2019/12/20 v1.4l Standard LaTeX file (size option)
)
\c@part=\count167
\c@chapter=\count168
\c@section=\count169
\c@subsection=\count170
\c@subsubsection=\count171
\c@paragraph=\count172
\c@subparagraph=\count173
\c@figure=\count174
\c@table=\count175
\abovecaptionskip=\skip47
\belowcaptionskip=\skip48
\bibindent=\dimen134
) (/usr/local/texlive/2020/texmf-dist/tex/latex/fancyhdr/fancyhdr.sty
Package: fancyhdr 2019/01/31 v3.10 Extensive control of page headers and footer
s
\f@nch@headwidth=\skip49
\f@nch@O@elh=\skip50
\f@nch@O@erh=\skip51
\f@nch@O@olh=\skip52
\f@nch@O@orh=\skip53
\f@nch@O@elf=\skip54
\f@nch@O@erf=\skip55
\f@nch@O@olf=\skip56
\f@nch@O@orf=\skip57
) (/usr/local/texlive/2020/texmf-dist/tex/latex/fancyvrb/fancyvrb.sty
Package: fancyvrb 2020/01/13 v3.5 verbatim text (tvz,hv)
(/usr/local/texlive/2020/texmf-dist/tex/latex/graphics/keyval.sty
Package: keyval 2014/10/28 v1.15 key=value parser (DPC)
\KV@toks@=\toks15
)
\FV@CodeLineNo=\count176
\FV@InFile=\read2
\FV@TabBox=\box45
\c@FancyVerbLine=\count177
\FV@StepNumber=\count178
\FV@OutFile=\write3
) (/usr/local/texlive/2020/texmf-dist/tex/generic/iftex/ifxetex.sty
Package: ifxetex 2019/10/25 v0.7 ifxetex legacy package. Use iftex instead.
(/usr/local/texlive/2020/texmf-dist/tex/generic/iftex/iftex.sty
Package: iftex 2020/03/06 v1.0d TeX engine tests
)) (/usr/local/texlive/2020/texmf-dist/tex/generic/iftex/ifluatex.sty
Package: ifluatex 2019/10/25 v1.5 ifluatex legacy package. Use iftex instead.
) (/usr/local/texlive/2020/texmf-dist/tex/latex/base/fixltx2e.sty
Package: fixltx2e 2016/12/29 v2.1a fixes to LaTeX (obsolete)
Applying: [2015/01/01] Old fixltx2e package on input line 46.

Package fixltx2e Warning: fixltx2e is not required with releases after 2015
(fixltx2e)                All fixes are now in the LaTeX kernel.
(fixltx2e)                See the latexrelease package for details.

Already applied: [0000/00/00] Old fixltx2e package on input line 53.
) (/usr/local/texlive/2020/texmf-dist/tex/latex/base/fontenc.sty
Package: fontenc 2020/02/11 v2.0o Standard LaTeX package
) (/usr/local/texlive/2020/texmf-dist/tex/latex/base/inputenc.sty
Package: inputenc 2018/08/11 v1.3c Input encoding file
\inpenc@prehook=\toks16
\inpenc@posthook=\toks17
) (/usr/local/texlive/2020/texmf-dist/tex/latex/upquote/upquote.sty
Package: upquote 2012/04/19 v1.3 upright-quote and grave-accent glyphs in verba
tim
(/usr/local/texlive/2020/texmf-dist/tex/latex/base/textcomp.sty
Package: textcomp 2020/02/02 v2.0n Standard LaTeX package
)) (/usr/local/texlive/2020/texmf-dist/tex/latex/microtype/microtype.sty
Package: microtype 2019/11/18 v2.7d Micro-typographical refinements (RS)
\MT@toks=\toks18
\MT@count=\count179
LaTeX Info: Redefining \textls on input line 790.
\MT@outer@kern=\dimen135
LaTeX Info: Redefining \textmicrotypecontext on input line 1354.
\MT@listname@count=\count180
(/usr/local/texlive/2020/texmf-dist/tex/latex/microtype/microtype-pdftex.def
File: microtype-pdftex.def 2019/11/18 v2.7d Definitions specific to pdftex (RS)

LaTeX Info: Redefining \lsstyle on input line 914.
LaTeX Info: Redefining \lslig on input line 914.
\MT@outer@space=\skip58
)
Package microtype Info: Loading configuration file microtype.cfg.
(/usr/local/texlive/2020/texmf-dist/tex/latex/microtype/microtype.cfg
File: microtype.cfg 2019/11/18 v2.7d microtype main configuration file (RS)
)) (/usr/local/texlive/2020/texmf-dist/tex/latex/graphics/color.sty
Package: color 2019/11/23 v1.2a Standard LaTeX Color (DPC)
(/usr/local/texlive/2020/texmf-dist/tex/latex/graphics-cfg/color.cfg
File: color.cfg 2016/01/02 v1.6 sample color configuration
)
Package color Info: Driver file: pdftex.def on input line 147.
(/usr/local/texlive/2020/texmf-dist/tex/latex/graphics-def/pdftex.def
File: pdftex.def 2018/01/08 v1.0l Graphics/color driver for pdftex
)) (/usr/local/texlive/2020/texmf-dist/tex/latex/framed/framed.sty
Package: framed 2011/10/22 v 0.96: framed or shaded text with page breaks
\OuterFrameSep=\skip59
\fb@frw=\dimen136
\fb@frh=\dimen137
\FrameRule=\dimen138
\FrameSep=\dimen139
)) (/usr/local/texlive/2020/texmf-dist/tex/latex/graphics/graphicx.sty
Package: graphicx 2019/11/30 v1.2a Enhanced LaTeX Graphics (DPC,SPQR)
(/usr/local/texlive/2020/texmf-dist/tex/latex/graphics/graphics.sty
Package: graphics 2019/11/30 v1.4a Standard LaTeX Graphics (DPC,SPQR)
(/usr/local/texlive/2020/texmf-dist/tex/latex/graphics/trig.sty
Package: trig 2016/01/03 v1.10 sin cos tan (DPC)
) (/usr/local/texlive/2020/texmf-dist/tex/latex/graphics-cfg/graphics.cfg
File: graphics.cfg 2016/06/04 v1.11 sample graphics configuration
)
Package graphics Info: Driver file: pdftex.def on input line 105.
)
\Gin@req@height=\dimen140
\Gin@req@width=\dimen141
) (/usr/local/texlive/2020/texmf-dist/tex/latex/base/latexsym.sty
Package: latexsym 1998/08/17 v2.2e Standard LaTeX package (lasy symbols)
\symlasy=\mathgroup4
LaTeX Font Info:    Overwriting symbol font `lasy' in version `bold'
(Font)                  U/lasy/m/n --> U/lasy/b/n on input line 52.
) (/usr/local/texlive/2020/texmf-dist/tex/latex/amsmath/amsmath.sty
Package: amsmath 2020/01/20 v2.17e AMS math features
\@mathmargin=\skip60
For additional information on amsmath, use the `?' option.
(/usr/local/texlive/2020/texmf-dist/tex/latex/amsmath/amstext.sty
Package: amstext 2000/06/29 v2.01 AMS text
(/usr/local/texlive/2020/texmf-dist/tex/latex/amsmath/amsgen.sty
File: amsgen.sty 1999/11/30 v2.0 generic functions
\@emptytoks=\toks19
\ex@=\dimen142
)) (/usr/local/texlive/2020/texmf-dist/tex/latex/amsmath/amsbsy.sty
Package: amsbsy 1999/11/29 v1.2d Bold Symbols
\pmbraise@=\dimen143
) (/usr/local/texlive/2020/texmf-dist/tex/latex/amsmath/amsopn.sty
Package: amsopn 2016/03/08 v2.02 operator names
)
\inf@bad=\count181
LaTeX Info: Redefining \frac on input line 227.
\uproot@=\count182
\leftroot@=\count183
LaTeX Info: Redefining \overline on input line 389.
\classnum@=\count184
\DOTSCASE@=\count185
LaTeX Info: Redefining \ldots on input line 486.
LaTeX Info: Redefining \dots on input line 489.
LaTeX Info: Redefining \cdots on input line 610.
\Mathstrutbox@=\box46
\strutbox@=\box47
\big@size=\dimen144
LaTeX Font Info:    Redeclaring font encoding OML on input line 733.
LaTeX Font Info:    Redeclaring font encoding OMS on input line 734.
\macc@depth=\count186
\c@MaxMatrixCols=\count187
\dotsspace@=\muskip16
\c@parentequation=\count188
\dspbrk@lvl=\count189
\tag@help=\toks20
\row@=\count190
\column@=\count191
\maxfields@=\count192
\andhelp@=\toks21
\eqnshift@=\dimen145
\alignsep@=\dimen146
\tagshift@=\dimen147
\tagwidth@=\dimen148
\totwidth@=\dimen149
\lineht@=\dimen150
\@envbody=\toks22
\multlinegap=\skip61
\multlinetaggap=\skip62
\mathdisplay@stack=\toks23
LaTeX Info: Redefining \[ on input line 2859.
LaTeX Info: Redefining \] on input line 2860.
) (/usr/local/texlive/2020/texmf-dist/tex/latex/amsfonts/amssymb.sty
Package: amssymb 2013/01/14 v3.01 AMS font symbols
(/usr/local/texlive/2020/texmf-dist/tex/latex/amsfonts/amsfonts.sty
Package: amsfonts 2013/01/14 v3.01 Basic AMSFonts support
\symAMSa=\mathgroup5
\symAMSb=\mathgroup6
LaTeX Font Info:    Redeclaring math symbol \hbar on input line 98.
LaTeX Font Info:    Overwriting math alphabet `\mathfrak' in version `bold'
(Font)                  U/euf/m/n --> U/euf/b/n on input line 106.
)) (/usr/local/texlive/2020/texmf-dist/tex/latex/amscls/amsthm.sty
Package: amsthm 2017/10/31 v2.20.4
\thm@style=\toks24
\thm@bodyfont=\toks25
\thm@headfont=\toks26
\thm@notefont=\toks27
\thm@headpunct=\toks28
\thm@preskip=\skip63
\thm@postskip=\skip64
\thm@headsep=\skip65
\dth@everypar=\toks29
) (/usr/local/texlive/2020/texmf-dist/tex/latex/tools/longtable.sty
Package: longtable 2020/01/07 v4.13 Multi-page Table package (DPC)
\LTleft=\skip66
\LTright=\skip67
\LTpre=\skip68
\LTpost=\skip69
\LTchunksize=\count193
\LTcapwidth=\dimen151
\LT@head=\box48
\LT@firsthead=\box49
\LT@foot=\box50
\LT@lastfoot=\box51
\LT@cols=\count194
\LT@rows=\count195
\c@LT@tables=\count196
\c@LT@chunks=\count197
\LT@p@ftn=\toks30
) (/usr/local/texlive/2020/texmf-dist/tex/latex/booktabs/booktabs.sty
Package: booktabs 2020/01/12 v1.61803398 Publication quality tables
\heavyrulewidth=\dimen152
\lightrulewidth=\dimen153
\cmidrulewidth=\dimen154
\belowrulesep=\dimen155
\belowbottomsep=\dimen156
\aboverulesep=\dimen157
\abovetopsep=\dimen158
\cmidrulesep=\dimen159
\cmidrulekern=\dimen160
\defaultaddspace=\dimen161
\@cmidla=\count198
\@cmidlb=\count199
\@aboverulesep=\dimen162
\@belowrulesep=\dimen163
\@thisruleclass=\count266
\@lastruleclass=\count267
\@thisrulewidth=\dimen164
) (/usr/local/texlive/2020/texmf-dist/tex/latex/setspace/setspace.sty
Package: setspace 2011/12/19 v6.7a set line spacing
) (./chemarr.sty
Package: chemarr 2001/06/22 v1.1 Chemical reaction arrows (HO)
) (/usr/local/texlive/2020/texmf-dist/tex/latex/url/url.sty
\Urlmuskip=\muskip17
Package: url 2013/09/16  ver 3.4  Verb mode for urls, etc.
) (/usr/local/texlive/2020/texmf-dist/tex/latex/hyperref/hyperref.sty
Package: hyperref 2020/01/14 v7.00d Hypertext links for LaTeX
(/usr/local/texlive/2020/texmf-dist/tex/generic/ltxcmds/ltxcmds.sty
Package: ltxcmds 2019/12/15 v1.24 LaTeX kernel commands for general use (HO)
) (/usr/local/texlive/2020/texmf-dist/tex/latex/pdftexcmds/pdftexcmds.sty
Package: pdftexcmds 2019/11/24 v0.31 Utility functions of pdfTeX for LuaTeX (HO
)
(/usr/local/texlive/2020/texmf-dist/tex/generic/infwarerr/infwarerr.sty
Package: infwarerr 2019/12/03 v1.5 Providing info/warning/error messages (HO)
)
Package pdftexcmds Info: \pdf@primitive is available.
Package pdftexcmds Info: \pdf@ifprimitive is available.
Package pdftexcmds Info: \pdfdraftmode found.
) (/usr/local/texlive/2020/texmf-dist/tex/generic/kvsetkeys/kvsetkeys.sty
Package: kvsetkeys 2019/12/15 v1.18 Key value parser (HO)
) (/usr/local/texlive/2020/texmf-dist/tex/generic/kvdefinekeys/kvdefinekeys.sty
Package: kvdefinekeys 2019-12-19 v1.6 Define keys (HO)
) (/usr/local/texlive/2020/texmf-dist/tex/generic/pdfescape/pdfescape.sty
Package: pdfescape 2019/12/09 v1.15 Implements pdfTeX's escape features (HO)
) (/usr/local/texlive/2020/texmf-dist/tex/latex/hycolor/hycolor.sty
Package: hycolor 2020-01-27 v1.10 Color options for hyperref/bookmark (HO)
) (/usr/local/texlive/2020/texmf-dist/tex/latex/letltxmacro/letltxmacro.sty
Package: letltxmacro 2019/12/03 v1.6 Let assignment for LaTeX macros (HO)
) (/usr/local/texlive/2020/texmf-dist/tex/latex/auxhook/auxhook.sty
Package: auxhook 2019-12-17 v1.6 Hooks for auxiliary files (HO)
) (/usr/local/texlive/2020/texmf-dist/tex/latex/kvoptions/kvoptions.sty
Package: kvoptions 2019/11/29 v3.13 Key value format for package options (HO)
)
\@linkdim=\dimen165
\Hy@linkcounter=\count268
\Hy@pagecounter=\count269
(/usr/local/texlive/2020/texmf-dist/tex/latex/hyperref/pd1enc.def
File: pd1enc.def 2020/01/14 v7.00d Hyperref: PDFDocEncoding definition (HO)
Now handling font encoding PD1 ...
... no UTF-8 mapping file for font encoding PD1
) (/usr/local/texlive/2020/texmf-dist/tex/generic/intcalc/intcalc.sty
Package: intcalc 2019/12/15 v1.3 Expandable calculations with integers (HO)
) (/usr/local/texlive/2020/texmf-dist/tex/generic/etexcmds/etexcmds.sty
Package: etexcmds 2019/12/15 v1.7 Avoid name clashes with e-TeX commands (HO)
)
\Hy@SavedSpaceFactor=\count270
Package hyperref Info: Hyper figures OFF on input line 4547.
Package hyperref Info: Link nesting OFF on input line 4552.
Package hyperref Info: Hyper index ON on input line 4555.
Package hyperref Info: Plain pages OFF on input line 4562.
Package hyperref Info: Backreferencing OFF on input line 4567.
Package hyperref Info: Implicit mode ON; LaTeX internals redefined.
Package hyperref Info: Bookmarks ON on input line 4800.
\c@Hy@tempcnt=\count271
LaTeX Info: Redefining \url on input line 5159.
\XeTeXLinkMargin=\dimen166
(/usr/local/texlive/2020/texmf-dist/tex/generic/bitset/bitset.sty
Package: bitset 2019/12/09 v1.3 Handle bit-vector datatype (HO)
(/usr/local/texlive/2020/texmf-dist/tex/generic/bigintcalc/bigintcalc.sty
Package: bigintcalc 2019/12/15 v1.5 Expandable calculations on big integers (HO
)
))
\Fld@menulength=\count272
\Field@Width=\dimen167
\Fld@charsize=\dimen168
Package hyperref Info: Hyper figures OFF on input line 6430.
Package hyperref Info: Link nesting OFF on input line 6435.
Package hyperref Info: Hyper index ON on input line 6438.
Package hyperref Info: backreferencing OFF on input line 6445.
Package hyperref Info: Link coloring OFF on input line 6450.
Package hyperref Info: Link coloring with OCG OFF on input line 6455.
Package hyperref Info: PDF/A mode OFF on input line 6460.
LaTeX Info: Redefining \ref on input line 6500.
LaTeX Info: Redefining \pageref on input line 6504.
(/usr/local/texlive/2020/texmf-dist/tex/generic/atbegshi/atbegshi.sty
Package: atbegshi 2019/12/05 v1.19 At begin shipout hook (HO)
)
\Hy@abspage=\count273
\c@Item=\count274
\c@Hfootnote=\count275
)
Package hyperref Info: Driver (autodetected): hpdftex.
(/usr/local/texlive/2020/texmf-dist/tex/latex/hyperref/hpdftex.def
File: hpdftex.def 2020/01/14 v7.00d Hyperref driver for pdfTeX
(/usr/local/texlive/2020/texmf-dist/tex/latex/atveryend/atveryend.sty
Package: atveryend 2019-12-11 v1.11 Hooks at the very end of document (HO)
Package atveryend Info: \enddocument detected (standard20110627).
)
\Fld@listcount=\count276
\c@bookmark@seq@number=\count277

(/usr/local/texlive/2020/texmf-dist/tex/latex/rerunfilecheck/rerunfilecheck.sty
Package: rerunfilecheck 2019/12/05 v1.9 Rerun checks for auxiliary files (HO)

(/usr/local/texlive/2020/texmf-dist/tex/generic/uniquecounter/uniquecounter.sty
Package: uniquecounter 2019/12/15 v1.4 Provide unlimited unique counter (HO)
)
Package uniquecounter Info: New unique counter `rerunfilecheck' on input line 2
86.
)
\Hy@SectionHShift=\skip70
) (/usr/local/texlive/2020/texmf-dist/tex/latex/lm/lmodern.sty
Package: lmodern 2009/10/30 v1.6 Latin Modern Fonts
LaTeX Font Info:    Overwriting symbol font `operators' in version `normal'
(Font)                  OT1/cmr/m/n --> OT1/lmr/m/n on input line 22.
LaTeX Font Info:    Overwriting symbol font `letters' in version `normal'
(Font)                  OML/cmm/m/it --> OML/lmm/m/it on input line 23.
LaTeX Font Info:    Overwriting symbol font `symbols' in version `normal'
(Font)                  OMS/cmsy/m/n --> OMS/lmsy/m/n on input line 24.
LaTeX Font Info:    Overwriting symbol font `largesymbols' in version `normal'
(Font)                  OMX/cmex/m/n --> OMX/lmex/m/n on input line 25.
LaTeX Font Info:    Overwriting symbol font `operators' in version `bold'
(Font)                  OT1/cmr/bx/n --> OT1/lmr/bx/n on input line 26.
LaTeX Font Info:    Overwriting symbol font `letters' in version `bold'
(Font)                  OML/cmm/b/it --> OML/lmm/b/it on input line 27.
LaTeX Font Info:    Overwriting symbol font `symbols' in version `bold'
(Font)                  OMS/cmsy/b/n --> OMS/lmsy/b/n on input line 28.
LaTeX Font Info:    Overwriting symbol font `largesymbols' in version `bold'
(Font)                  OMX/cmex/m/n --> OMX/lmex/m/n on input line 29.
LaTeX Font Info:    Overwriting math alphabet `\mathbf' in version `normal'
(Font)                  OT1/cmr/bx/n --> OT1/lmr/bx/n on input line 31.
LaTeX Font Info:    Overwriting math alphabet `\mathsf' in version `normal'
(Font)                  OT1/cmss/m/n --> OT1/lmss/m/n on input line 32.
LaTeX Font Info:    Overwriting math alphabet `\mathit' in version `normal'
(Font)                  OT1/cmr/m/it --> OT1/lmr/m/it on input line 33.
LaTeX Font Info:    Overwriting math alphabet `\mathtt' in version `normal'
(Font)                  OT1/cmtt/m/n --> OT1/lmtt/m/n on input line 34.
LaTeX Font Info:    Overwriting math alphabet `\mathbf' in version `bold'
(Font)                  OT1/cmr/bx/n --> OT1/lmr/bx/n on input line 35.
LaTeX Font Info:    Overwriting math alphabet `\mathsf' in version `bold'
(Font)                  OT1/cmss/bx/n --> OT1/lmss/bx/n on input line 36.
LaTeX Font Info:    Overwriting math alphabet `\mathit' in version `bold'
(Font)                  OT1/cmr/bx/it --> OT1/lmr/bx/it on input line 37.
LaTeX Font Info:    Overwriting math alphabet `\mathtt' in version `bold'
(Font)                  OT1/cmtt/m/n --> OT1/lmtt/m/n on input line 38.
) (/usr/local/texlive/2020/texmf-dist/tex/latex/float/float.sty
Package: float 2001/11/08 v1.3d Float enhancements (AL)
\c@float@type=\count278
\float@exts=\toks31
\float@box=\box52
\@float@everytoks=\toks32
\@floatcapt=\box53
) (/usr/local/texlive/2020/texmf-dist/tex/latex/graphics/rotating.sty
Package: rotating 2016/08/11 v2.16d rotated objects in LaTeX
(/usr/local/texlive/2020/texmf-dist/tex/latex/base/ifthen.sty
Package: ifthen 2014/09/29 v1.1c Standard LaTeX ifthen package (DPC)
)
\c@r@tfl@t=\count279
\rotFPtop=\skip71
\rotFPbot=\skip72
\rot@float@box=\box54
\rot@mess@toks=\toks33
) (/usr/local/texlive/2020/texmf-dist/tex/latex/caption/caption.sty
Package: caption 2020/01/03 v3.4h Customizing captions (AR)
(/usr/local/texlive/2020/texmf-dist/tex/latex/caption/caption3.sty
Package: caption3 2020/01/03 v1.8h caption3 kernel (AR)
Package caption3 Info: TeX engine: e-TeX on input line 61.
\captionmargin=\dimen169
\captionmargin@=\dimen170
\captionwidth=\dimen171
\caption@tempdima=\dimen172
\caption@indent=\dimen173
\caption@parindent=\dimen174
\caption@hangindent=\dimen175
Package caption Info: Standard document class detected.
)
\c@caption@flags=\count280
\c@continuedfloat=\count281
Package caption Info: float package is loaded.
Package caption Info: hyperref package is loaded.
Package caption Info: longtable package is loaded.
(/usr/local/texlive/2020/texmf-dist/tex/latex/caption/ltcaption.sty
Package: ltcaption 2018/08/26 v1.4a longtable captions (AR)
)
Package caption Info: rotating package is loaded.
)
Package color Info: Redefining color shadecolor on input line 88.
(/usr/local/texlive/2020/texmf-dist/tex/latex/l3backend/l3backend-pdfmode.def
File: l3backend-pdfmode.def 2020-03-12 L3 backend support: PDF mode
\l__kernel_color_stack_int=\count282
\l__pdf_internal_box=\box55
) (./thesis.aux)
\openout1 = `thesis.aux'.

LaTeX Font Info:    Checking defaults for OML/cmm/m/it on input line 199.
LaTeX Font Info:    ... okay on input line 199.
LaTeX Font Info:    Checking defaults for OMS/cmsy/m/n on input line 199.
LaTeX Font Info:    ... okay on input line 199.
LaTeX Font Info:    Checking defaults for OT1/cmr/m/n on input line 199.
LaTeX Font Info:    ... okay on input line 199.
LaTeX Font Info:    Checking defaults for T1/cmr/m/n on input line 199.
LaTeX Font Info:    ... okay on input line 199.
LaTeX Font Info:    Checking defaults for TS1/cmr/m/n on input line 199.
LaTeX Font Info:    ... okay on input line 199.
LaTeX Font Info:    Checking defaults for OMX/cmex/m/n on input line 199.
LaTeX Font Info:    ... okay on input line 199.
LaTeX Font Info:    Checking defaults for U/cmr/m/n on input line 199.
LaTeX Font Info:    ... okay on input line 199.
LaTeX Font Info:    Checking defaults for PD1/pdf/m/n on input line 199.
LaTeX Font Info:    ... okay on input line 199.
LaTeX Font Info:    Trying to load font information for T1+lmr on input line 19
9.
(/usr/local/texlive/2020/texmf-dist/tex/latex/lm/t1lmr.fd
File: t1lmr.fd 2009/10/30 v1.6 Font defs for Latin Modern
)
LaTeX Info: Redefining \microtypecontext on input line 199.
Package microtype Info: Generating PDF output.
Package microtype Info: Character protrusion enabled (level 2).
Package microtype Info: Using protrusion set `basicmath'.
Package microtype Info: Automatic font expansion enabled (level 2),
(microtype)             stretch: 20, shrink: 20, step: 1, non-selected.
Package microtype Info: Using default expansion set `basictext'.
LaTeX Info: Redefining \showhyphens on input line 199.
Package microtype Info: No adjustment of tracking.
Package microtype Info: No adjustment of interword spacing.
Package microtype Info: No adjustment of character kerning.
(/usr/local/texlive/2020/texmf-dist/tex/latex/microtype/mt-cmr.cfg
File: mt-cmr.cfg 2013/05/19 v2.2 microtype config. file: Computer Modern Roman 
(RS)
) (/usr/local/texlive/2020/texmf-dist/tex/context/base/mkii/supp-pdf.mkii
[Loading MPS to PDF converter (version 2006.09.02).]
\scratchcounter=\count283
\scratchdimen=\dimen176
\scratchbox=\box56
\nofMPsegments=\count284
\nofMParguments=\count285
\everyMPshowfont=\toks34
\MPscratchCnt=\count286
\MPscratchDim=\dimen177
\MPnumerator=\count287
\makeMPintoPDFobject=\count288
\everyMPtoPDFconversion=\toks35
) (/usr/local/texlive/2020/texmf-dist/tex/latex/epstopdf-pkg/epstopdf-base.sty
Package: epstopdf-base 2020-01-24 v2.11 Base part for package epstopdf
Package epstopdf-base Info: Redefining graphics rule for `.eps' on input line 4
85.
(/usr/local/texlive/2020/texmf-dist/tex/latex/latexconfig/epstopdf-sys.cfg
File: epstopdf-sys.cfg 2010/07/13 v1.3 Configuration of (r)epstopdf for TeX Liv
e
))

Package Fancyhdr Warning: \fancyhead's `E' option without twoside option is use
less on input line 199.


Package Fancyhdr Warning: \fancyhead's `E' option without twoside option is use
less on input line 199.

\AtBeginShipoutBox=\box57
Package hyperref Info: Link coloring OFF on input line 199.
(/usr/local/texlive/2020/texmf-dist/tex/latex/hyperref/nameref.sty
Package: nameref 2019/09/16 v2.46 Cross-referencing by name of section
(/usr/local/texlive/2020/texmf-dist/tex/latex/refcount/refcount.sty
Package: refcount 2019/12/15 v3.6 Data extraction from label references (HO)
)
(/usr/local/texlive/2020/texmf-dist/tex/generic/gettitlestring/gettitlestring.s
ty
Package: gettitlestring 2019/12/15 v1.6 Cleanup title references (HO)
)
\c@section@level=\count289
)
LaTeX Info: Redefining \ref on input line 199.
LaTeX Info: Redefining \pageref on input line 199.
LaTeX Info: Redefining \nameref on input line 199.
(./thesis.out) (./thesis.out)
\@outlinefile=\write4
\openout4 = `thesis.out'.

Package caption Info: Begin \AtBeginDocument code.
Package caption Info: End \AtBeginDocument code.
[1
Non-PDF special ignored!
<special> !% Reed College LaTeX Thesis Class 2001/12/04 SN
Non-PDF special ignored!
<special> rawpostscript % Reed College LaTeX Thesis Class 2001/12/04 SN


{/usr/local/texlive/2020/texmf-var/fonts/map/pdftex/updmap/pdftex.map}]
LaTeX Font Info:    Trying to load font information for T1+lmtt on input line 2
08.
(/usr/local/texlive/2020/texmf-dist/tex/latex/lm/t1lmtt.fd
File: t1lmtt.fd 2009/10/30 v1.6 Font defs for Latin Modern
) [1


] (./thesis.toc
LaTeX Font Info:    Trying to load font information for OT1+lmr on input line 1
.
(/usr/local/texlive/2020/texmf-dist/tex/latex/lm/ot1lmr.fd
File: ot1lmr.fd 2009/10/30 v1.6 Font defs for Latin Modern
)
LaTeX Font Info:    Trying to load font information for OML+lmm on input line 1
.
(/usr/local/texlive/2020/texmf-dist/tex/latex/lm/omllmm.fd
File: omllmm.fd 2009/10/30 v1.6 Font defs for Latin Modern
)
LaTeX Font Info:    Trying to load font information for OMS+lmsy on input line 
1.
(/usr/local/texlive/2020/texmf-dist/tex/latex/lm/omslmsy.fd
File: omslmsy.fd 2009/10/30 v1.6 Font defs for Latin Modern
)
LaTeX Font Info:    Trying to load font information for OMX+lmex on input line 
1.
(/usr/local/texlive/2020/texmf-dist/tex/latex/lm/omxlmex.fd
File: omxlmex.fd 2009/10/30 v1.6 Font defs for Latin Modern
)
LaTeX Font Info:    External font `lmex10' loaded for size
(Font)              <12> on input line 1.
LaTeX Font Info:    External font `lmex10' loaded for size
(Font)              <8> on input line 1.
LaTeX Font Info:    External font `lmex10' loaded for size
(Font)              <6> on input line 1.
LaTeX Font Info:    Trying to load font information for U+lasy on input line 1.

(/usr/local/texlive/2020/texmf-dist/tex/latex/base/ulasy.fd
File: ulasy.fd 1998/08/17 v2.2e LaTeX symbol font definitions
)
LaTeX Font Info:    Trying to load font information for U+msa on input line 1.
(/usr/local/texlive/2020/texmf-dist/tex/latex/amsfonts/umsa.fd
File: umsa.fd 2013/01/14 v3.01 AMS symbols A
) (/usr/local/texlive/2020/texmf-dist/tex/latex/microtype/mt-msa.cfg
File: mt-msa.cfg 2006/02/04 v1.1 microtype config. file: AMS symbols (a) (RS)
)
LaTeX Font Info:    Trying to load font information for U+msb on input line 1.
(/usr/local/texlive/2020/texmf-dist/tex/latex/amsfonts/umsb.fd
File: umsb.fd 2013/01/14 v3.01 AMS symbols B
) (/usr/local/texlive/2020/texmf-dist/tex/latex/microtype/mt-msb.cfg
File: mt-msb.cfg 2005/06/01 v1.0 microtype config. file: AMS symbols (b) (RS)
)
LaTeX Font Info:    Font shape `T1/lmtt/bx/n' in size <12> not available
(Font)              Font shape `T1/lmtt/b/n' tried instead on input line 21.
[2


])
\tf@toc=\write5
\openout5 = `thesis.toc'.

[3] (./thesis.lof [4

])
\tf@lof=\write6
\openout6 = `thesis.lof'.

[5] [6

]pdfTeX warning (ext4): destination with the same identifier (name{page.1}) has
 been already used, duplicate ignored
<to be read again> 
                   \relax 
l.247 I
        was given the opportunity to join in on the project and help move \t...
[1



] [2]
Chapter 1.
<figure/versus.png, id=384, 898.35625pt x 421.575pt>
File: figure/versus.png Graphic file (type png)
<use figure/versus.png>
Package pdftex.def Info: figure/versus.png  used on input line 278.
(pdftex.def)             Requested size: 433.62pt x 203.48586pt.
[3

] [4 <./figure/versus.png>] [5]
LaTeX Font Info:    Trying to load font information for TS1+lmr on input line 3
35.
(/usr/local/texlive/2020/texmf-dist/tex/latex/lm/ts1lmr.fd
File: ts1lmr.fd 2009/10/30 v1.6 Font defs for Latin Modern
) [6] [7] [8] [9]
<figure/stats-journals.png, id=438, 783.92876pt x 565.11125pt>
File: figure/stats-journals.png Graphic file (type png)
<use figure/stats-journals.png>
Package pdftex.def Info: figure/stats-journals.png  used on input line 502.
(pdftex.def)             Requested size: 433.62pt x 312.58846pt.
[10 <./figure/stats-journals.png>]
<figure/top-1.png, id=445, 525.965pt x 667.49374pt>
File: figure/top-1.png Graphic file (type png)
<use figure/top-1.png>
Package pdftex.def Info: figure/top-1.png  used on input line 522.
(pdftex.def)             Requested size: 433.62pt x 550.32248pt.
[11]
<figure/top-2.png, id=450, 525.965pt x 582.175pt>
File: figure/top-2.png Graphic file (type png)
<use figure/top-2.png>
Package pdftex.def Info: figure/top-2.png  used on input line 525.
(pdftex.def)             Requested size: 433.62pt x 479.98051pt.
[12 <./figure/top-1.png>] [13 <./figure/top-2.png>] [14] [15] [16] [17] [18] [1
9]
<figure/packages.png, id=499, 325.215pt x 131.49126pt>
File: figure/packages.png Graphic file (type png)
<use figure/packages.png>
Package pdftex.def Info: figure/packages.png  used on input line 705.
(pdftex.def)             Requested size: 216.81pt x 87.66328pt.
<figure/ci-tools.png, id=500, 787.94376pt x 148.555pt>
File: figure/ci-tools.png Graphic file (type png)
<use figure/ci-tools.png>
Package pdftex.def Info: figure/ci-tools.png  used on input line 720.
(pdftex.def)             Requested size: 346.89731pt x 65.40067pt.
[20 <./figure/packages.png> <./figure/ci-tools.png>] [21] [22] [23]
Chapter 2.
LaTeX Font Info:    Font shape `T1/lmtt/bx/n' in size <24.88> not available
(Font)              Font shape `T1/lmtt/b/n' tried instead on input line 790.
LaTeX Font Info:    Font shape `T1/lmtt/bx/n' in size <17.28> not available
(Font)              Font shape `T1/lmtt/b/n' tried instead on input line 793.
<figure/fertile-hex.png, id=531, 519.9425pt x 602.25pt>
File: figure/fertile-hex.png Graphic file (type png)
<use figure/fertile-hex.png>
Package pdftex.def Info: figure/fertile-hex.png  used on input line 800.
(pdftex.def)             Requested size: 130.08731pt x 150.6724pt.
[24

 <./figure/fertile-hex.png>]
<figure/sample-project.png, id=539, 581.17125pt x 375.4025pt>
File: figure/sample-project.png Graphic file (type png)
<use figure/sample-project.png>
Package pdftex.def Info: figure/sample-project.png  used on input line 816.
(pdftex.def)             Requested size: 433.62pt x 280.09622pt.
[25 <./figure/sample-project.png>]
LaTeX Font Info:    Trying to load font information for TS1+lmtt on input line 
872.
(/usr/local/texlive/2020/texmf-dist/tex/latex/lm/ts1lmtt.fd
File: ts1lmtt.fd 2009/10/30 v1.6 Font defs for Latin Modern
) [26] [27] [28] [29] [30] [31]
Overfull \hbox (15.18948pt too wide) in paragraph at lines 1137--1139
[]\T1/lmr/m/n/12 (-20) The text-based sum-mary of de-pen-den-cies pro-duced by 
\T1/lmtt/m/n/12 proj_dependency_report()\T1/lmr/m/n/12 (-20) . 
 []

[32] [33] [34] [35] [36] [37] [38]
<figure/components-summary.png, id=643, 1277.77374pt x 794.97pt>
File: figure/components-summary.png Graphic file (type png)
<use figure/components-summary.png>
Package pdftex.def Info: figure/components-summary.png  used on input line 1461
.
(pdftex.def)             Requested size: 433.62pt x 269.77675pt.
[39 <./figure/components-summary.png>] [40] [41]
<figure/structure-badge.png, id=663, 519.9425pt x 602.25pt>
File: figure/structure-badge.png Graphic file (type png)
<use figure/structure-badge.png>
Package pdftex.def Info: figure/structure-badge.png  used on input line 1634.
(pdftex.def)             Requested size: 65.04034pt x 75.3362pt.
<figure/tidy-badge.png, id=664, 519.9425pt x 602.25pt>
File: figure/tidy-badge.png Graphic file (type png)
<use figure/tidy-badge.png>
Package pdftex.def Info: figure/tidy-badge.png  used on input line 1634.
(pdftex.def)             Requested size: 65.04034pt x 75.3362pt.
<figure/documentation-badge.png, id=665, 519.9425pt x 602.25pt>
File: figure/documentation-badge.png Graphic file (type png)
<use figure/documentation-badge.png>
Package pdftex.def Info: figure/documentation-badge.png  used on input line 163
4.
(pdftex.def)             Requested size: 65.04034pt x 75.3362pt.
<figure/paths-badge.png, id=666, 519.9425pt x 602.25pt>
File: figure/paths-badge.png Graphic file (type png)
<use figure/paths-badge.png>
Package pdftex.def Info: figure/paths-badge.png  used on input line 1634.
(pdftex.def)             Requested size: 65.04034pt x 75.3362pt.
<figure/randomness-badge.png, id=667, 519.9425pt x 602.25pt>
File: figure/randomness-badge.png Graphic file (type png)
<use figure/randomness-badge.png>
Package pdftex.def Info: figure/randomness-badge.png  used on input line 1634.
(pdftex.def)             Requested size: 65.04034pt x 75.3362pt.
<figure/style-badge.png, id=668, 519.9425pt x 602.25pt>
File: figure/style-badge.png Graphic file (type png)
<use figure/style-badge.png>
Package pdftex.def Info: figure/style-badge.png  used on input line 1634.
(pdftex.def)             Requested size: 65.04034pt x 75.3362pt.
[42 <./figure/structure-badge.png> <./figure/tidy-badge.png> <./figure/document
ation-badge.png> <./figure/paths-badge.png> <./figure/randomness-badge.png> <./
figure/style-badge.png>]
<figure/badges-1.png, id=686, 728.7225pt x 738.76pt>
File: figure/badges-1.png Graphic file (type png)
<use figure/badges-1.png>
Package pdftex.def Info: figure/badges-1.png  used on input line 1659.
(pdftex.def)             Requested size: 433.62pt x 439.58455pt.
<figure/badges-2.png, id=687, 728.7225pt x 452.69125pt>
File: figure/badges-2.png Graphic file (type png)
<use figure/badges-2.png>
Package pdftex.def Info: figure/badges-2.png  used on input line 1662.
(pdftex.def)             Requested size: 433.62pt x 269.36499pt.
[43 <./figure/badges-1.png>]
Overfull \hbox (1.04337pt too wide) in paragraph at lines 1682--1683
\T1/lmr/m/n/12 (-20) For example, a variety of checks in \T1/lmtt/m/n/12 fertil
e \T1/lmr/m/n/12 (-20) focus on making sure the project has a ``tidy''
 []

[44 <./figure/badges-2.png>] [45] [46] [47] [48] [49] [50]
<figure/shims-list.png, id=740, 1117.17375pt x 689.57625pt>
File: figure/shims-list.png Graphic file (type png)
<use figure/shims-list.png>
Package pdftex.def Info: figure/shims-list.png  used on input line 2059.
(pdftex.def)             Requested size: 433.62pt x 267.64995pt.
[51 <./figure/shims-list.png>]
Underfull \hbox (badness 1360) in paragraph at lines 2086--2087
[]\T1/lmr/m/n/12 (+20) If users want to not limit them-selves to a hand-ful of 
spe-cific shims
 []


Underfull \hbox (badness 2913) in paragraph at lines 2086--2087
\T1/lmr/m/n/12 (+20) and rather just au-to-mat-i-cally cre-ate all of the pos-s
i-ble shims, the
 []


Underfull \hbox (badness 4454) in paragraph at lines 2086--2087
\T1/lmtt/m/n/12 find_all_shimmable_functions()\T1/lmr/m/n/12 (+20) , \T1/lmtt/m
/n/12 find_pkg_shimmable_functions \T1/lmr/m/n/12 (+20) and
 []


Overfull \hbox (1.92178pt too wide) in paragraph at lines 2090--2092
[]\T1/lmtt/m/n/12 find_pkg_shimmable_functions() \T1/lmr/m/n/12 (-20) does the 
same thing as \T1/lmtt/m/n/12 find_all_shimmable_
 []

[52]
Overfull \hbox (2.81989pt too wide) in paragraph at lines 2137--2138
[]\T1/lmr/m/n/12 (-20) The ren-der log (\T1/lmtt/m/n/12 .fertile_render_log.csv
\T1/lmr/m/n/12 (-20) ), ac-ces-si-ble via \T1/lmtt/m/n/12 render_log_report()\T
1/lmr/m/n/12 (-20) ,
 []

[53] [54]
Overfull \hbox (10.87436pt too wide) in paragraph at lines 2183--2184
[]\T1/lmr/m/n/12 (-20) This in-for-ma-tion is tracked via a log-i-cal en-vi-ron
-ment vari-able: \T1/lmtt/m/n/12 FERTILE_RENDER_MODE\T1/lmr/m/n/12 (-20) .
 []

[55] [56] [57] [58] [59] [60] [61]
Chapter 3.
[62

] [63]
<figure/journal-process.png, id=824, 963.6pt x 542.025pt>
File: figure/journal-process.png Graphic file (type png)
<use figure/journal-process.png>
Package pdftex.def Info: figure/journal-process.png  used on input line 2437.
(pdftex.def)             Requested size: 433.62pt x 243.90898pt.
[64 <./figure/journal-process.png>]
<figure/journal-process-2.png, id=830, 963.6pt x 542.025pt>
File: figure/journal-process-2.png Graphic file (type png)
<use figure/journal-process-2.png>
Package pdftex.def Info: figure/journal-process-2.png  used on input line 2452.

(pdftex.def)             Requested size: 433.62pt x 243.90898pt.
[65 <./figure/journal-process-2.png>]
<figure/gov-2001-replication.png, id=835, 614.295pt x 794.97pt>
File: figure/gov-2001-replication.png Graphic file (type png)
<use figure/gov-2001-replication.png>
Package pdftex.def Info: figure/gov-2001-replication.png  used on input line 24
84.
(pdftex.def)             Requested size: 433.62pt x 561.15749pt.
[66] [67 <./figure/gov-2001-replication.png>] [68]
<figure/tidytuesday.png, id=852, 770.88pt x 385.44pt>
File: figure/tidytuesday.png Graphic file (type png)
<use figure/tidytuesday.png>
Package pdftex.def Info: figure/tidytuesday.png  used on input line 2518.
(pdftex.def)             Requested size: 433.62pt x 216.80946pt.
[69 <./figure/tidytuesday.png>] [70]
Underfull \hbox (badness 1221) in paragraph at lines 2578--2579
\T1/lmr/m/n/12 (+20) iden-ti-fier, col-lected through ei-ther the com-mand \T1/
lmtt/m/n/12 Sys.getenv("LOGNAME") \T1/lmr/m/n/12 (+20) or
 []

[71] [72]
<figure/projects-1.png, id=879, 791.95876pt x 332.24126pt>
File: figure/projects-1.png Graphic file (type png)
<use figure/projects-1.png>
Package pdftex.def Info: figure/projects-1.png  used on input line 2660.
(pdftex.def)             Requested size: 433.62pt x 181.91197pt.
<figure/projects-2.png, id=880, 791.95876pt x 465.74pt>
File: figure/projects-2.png Graphic file (type png)
<use figure/projects-2.png>
Package pdftex.def Info: figure/projects-2.png  used on input line 2663.
(pdftex.def)             Requested size: 433.62pt x 255.00652pt.
[73]
<figure/paths-1.png, id=891, 791.95876pt x 337.26pt>
File: figure/paths-1.png Graphic file (type png)
<use figure/paths-1.png>
Package pdftex.def Info: figure/paths-1.png  used on input line 2673.
(pdftex.def)             Requested size: 433.62pt x 184.65988pt.
[74 <./figure/projects-1.png> <./figure/projects-2.png>] [75 <./figure/paths-1.
png>]
<thesis_files/figure-latex/unnamed-chunk-74-1.pdf, id=906, 457.71pt x 313.17pt>

File: thesis_files/figure-latex/unnamed-chunk-74-1.pdf Graphic file (type pdf)
<use thesis_files/figure-latex/unnamed-chunk-74-1.pdf>
Package pdftex.def Info: thesis_files/figure-latex/unnamed-chunk-74-1.pdf  used
 on input line 2768.
(pdftex.def)             Requested size: 457.7089pt x 313.16922pt.

Overfull \hbox (24.0889pt too wide) in paragraph at lines 2768--2769
 [][] 
 []

[76]
<thesis_files/figure-latex/unnamed-chunk-75-1.pdf, id=918, 453.695pt x 315.1775
pt>
File: thesis_files/figure-latex/unnamed-chunk-75-1.pdf Graphic file (type pdf)
<use thesis_files/figure-latex/unnamed-chunk-75-1.pdf>
Package pdftex.def Info: thesis_files/figure-latex/unnamed-chunk-75-1.pdf  used
 on input line 2774.
(pdftex.def)             Requested size: 453.6939pt x 315.17673pt.

Overfull \hbox (20.0739pt too wide) in paragraph at lines 2774--2775
 [][] 
 []

[77 <./thesis_files/figure-latex/unnamed-chunk-74-1.pdf>] [78 <./thesis_files/f
igure-latex/unnamed-chunk-75-1.pdf>] [79]
<thesis_files/figure-latex/unnamed-chunk-81-1.pdf, id=953, 453.695pt x 313.17pt
>
File: thesis_files/figure-latex/unnamed-chunk-81-1.pdf Graphic file (type pdf)
<use thesis_files/figure-latex/unnamed-chunk-81-1.pdf>
Package pdftex.def Info: thesis_files/figure-latex/unnamed-chunk-81-1.pdf  used
 on input line 2874.
(pdftex.def)             Requested size: 453.6939pt x 313.16922pt.

Overfull \hbox (20.0739pt too wide) in paragraph at lines 2874--2875
 [][] 
 []

[80]
<thesis_files/figure-latex/unnamed-chunk-82-1.pdf, id=960, 453.695pt x 312.1662
4pt>
File: thesis_files/figure-latex/unnamed-chunk-82-1.pdf Graphic file (type pdf)
<use thesis_files/figure-latex/unnamed-chunk-82-1.pdf>
Package pdftex.def Info: thesis_files/figure-latex/unnamed-chunk-82-1.pdf  used
 on input line 2884.
(pdftex.def)             Requested size: 453.6939pt x 312.16548pt.

Overfull \hbox (20.0739pt too wide) in paragraph at lines 2884--2885
 [][] 
 []

[81 <./thesis_files/figure-latex/unnamed-chunk-81-1.pdf>]
<thesis_files/figure-latex/unnamed-chunk-83-1.pdf, id=972, 453.695pt x 315.1775
pt>
File: thesis_files/figure-latex/unnamed-chunk-83-1.pdf Graphic file (type pdf)
<use thesis_files/figure-latex/unnamed-chunk-83-1.pdf>
Package pdftex.def Info: thesis_files/figure-latex/unnamed-chunk-83-1.pdf  used
 on input line 2894.
(pdftex.def)             Requested size: 453.6939pt x 315.17673pt.

Overfull \hbox (20.0739pt too wide) in paragraph at lines 2894--2895
 [][] 
 []

[82 <./thesis_files/figure-latex/unnamed-chunk-82-1.pdf>] [83 <./thesis_files/f
igure-latex/unnamed-chunk-83-1.pdf>] [84]
<thesis_files/figure-latex/unnamed-chunk-87-1.pdf, id=1001, 436.63126pt x 282.0
5376pt>
File: thesis_files/figure-latex/unnamed-chunk-87-1.pdf Graphic file (type pdf)
<use thesis_files/figure-latex/unnamed-chunk-87-1.pdf>
Package pdftex.def Info: thesis_files/figure-latex/unnamed-chunk-87-1.pdf  used
 on input line 2965.
(pdftex.def)             Requested size: 216.81pt x 140.05386pt.
<thesis_files/figure-latex/unnamed-chunk-87-2.pdf, id=1002, 440.64626pt x 282.0
5376pt>
File: thesis_files/figure-latex/unnamed-chunk-87-2.pdf Graphic file (type pdf)
<use thesis_files/figure-latex/unnamed-chunk-87-2.pdf>
Package pdftex.def Info: thesis_files/figure-latex/unnamed-chunk-87-2.pdf  used
 on input line 2965.
(pdftex.def)             Requested size: 216.81pt x 138.77563pt.

Overfull \hbox (2.61107pt too wide) in paragraph at lines 2965--2965
[][] [] 
 []

<thesis_files/figure-latex/unnamed-chunk-88-1.pdf, id=1003, 436.63126pt x 282.0
5376pt>
File: thesis_files/figure-latex/unnamed-chunk-88-1.pdf Graphic file (type pdf)
<use thesis_files/figure-latex/unnamed-chunk-88-1.pdf>
Package pdftex.def Info: thesis_files/figure-latex/unnamed-chunk-88-1.pdf  used
 on input line 2968.
(pdftex.def)             Requested size: 216.81pt x 140.05386pt.
<thesis_files/figure-latex/unnamed-chunk-88-2.pdf, id=1004, 440.64626pt x 282.0
5376pt>
File: thesis_files/figure-latex/unnamed-chunk-88-2.pdf Graphic file (type pdf)
<use thesis_files/figure-latex/unnamed-chunk-88-2.pdf>
Package pdftex.def Info: thesis_files/figure-latex/unnamed-chunk-88-2.pdf  used
 on input line 2968.
(pdftex.def)             Requested size: 216.81pt x 138.77563pt.

Overfull \hbox (2.61107pt too wide) in paragraph at lines 2968--2968
[][] [] 
 []

[85 <./thesis_files/figure-latex/unnamed-chunk-87-1.pdf> <./thesis_files/figure
-latex/unnamed-chunk-87-2.pdf>] [86 <./thesis_files/figure-latex/unnamed-chunk-
88-1.pdf> <./thesis_files/figure-latex/unnamed-chunk-88-2.pdf>]
<figure/a-b_testing.png, id=1045, 1264.725pt x 596.2275pt>
File: figure/a-b_testing.png Graphic file (type png)
<use figure/a-b_testing.png>
Package pdftex.def Info: figure/a-b_testing.png  used on input line 3031.
(pdftex.def)             Requested size: 433.62pt x 204.41592pt.
[87] [88 <./figure/a-b_testing.png>] [89

] [90] [91] [92]
Appendix A.
[93

]
Appendix B.
[94

]
Underfull \hbox (badness 4391) in paragraph at lines 3157--3159
 \T1/lmr/m/n/12 (+20) Re-trieved from []$\T1/lmtt/m/n/12 https : / / www . natu
re . com / news / over -[] half -[] of -[] psychology -[]
 []


Underfull \hbox (badness 10000) in paragraph at lines 3160--3162
 \T1/lmr/m/n/12 (+20) from []$\T1/lmtt/m/n/12 https : / / www . nature . com / 
news / 1 -[] 500 -[] scientists -[] lift -[] the -[] lid -[] on -[]
 []


Underfull \hbox (badness 3088) in paragraph at lines 3175--3177
 \T1/lmr/m/n/12 (+20) ence ad-vi-sory com-mit-tee to the nsf sbe di-rec-torate.
 Re-trieved from
 []


Underfull \hbox (badness 10000) in paragraph at lines 3175--3177
 []$\T1/lmtt/m/n/12 https : / / www . nsf . gov / sbe / SBE _ Spring _ 2015 _ A
C _ Meeting _ Presentations /
 []

[95


]
Underfull \hbox (badness 2318) in paragraph at lines 3196--3198
 \T1/lmr/m/n/12 (+20) N. Zalta (Ed.), \T1/lmr/m/it/12 (+20) The stan-ford en-cy
-clo-pe-dia of phi-los-o-phy \T1/lmr/m/n/12 (+20) (Win-ter 2018).
 []


Underfull \hbox (badness 10000) in paragraph at lines 3196--3198
 []$\T1/lmtt/m/n/12 https : / / plato . stanford . edu / archives / win2018 / e
ntries / scientific -[]
 []

[96]
Underfull \hbox (badness 10000) in paragraph at lines 3229--3231
 []$\T1/lmtt/m/n/12 https : / / www . insidehighered . com / blogs / rethinking
 -[] research / should -[]
 []


Underfull \hbox (badness 6575) in paragraph at lines 3235--3237
 \T1/lmr/m/n/12 (+20) Re-trieved from []$\T1/lmtt/m/n/12 https : / / www . tand
fonline . com / action / authorSubmission ?
 []

[97]
Underfull \hbox (badness 10000) in paragraph at lines 3268--3270
 \T1/lmtt/m/n/12 training / rigor -[] reproducibility / principles -[] guidelin
es -[] reporting -[]
 []

[98]
Underfull \hbox (badness 1484) in paragraph at lines 3292--3294
 [][]\T1/lmr/m/n/12 (+20) The Amer-i-can Statis-ti-cian. (2020). In-struc-tions
 for au-thors. Re-trieved
 []


Underfull \hbox (badness 10000) in paragraph at lines 3292--3294
 \T1/lmr/m/n/12 (+20) from []$\T1/lmtt/m/n/12 https : / / www . tandfonline . c
om / action / authorSubmission ? show =
 []


Underfull \hbox (badness 1490) in paragraph at lines 3307--3309
 \T1/lmr/m/n/12 (+20) Re-trieved from []$\T1/lmtt/m/n/12 https : / / journals .
 plos . org / ploscompbiol / article ? id = 10 .
 []

Package atveryend Info: Empty hook `BeforeClearDocument' on input line 3319.
[99]
Package atveryend Info: Empty hook `AfterLastShipout' on input line 3319.
(./thesis.aux)
Package atveryend Info: Executing hook `AtVeryEndDocument' on input line 3319.
Package atveryend Info: Executing hook `AtEndAfterFileList' on input line 3319.

Package rerunfilecheck Info: File `thesis.out' has not changed.
(rerunfilecheck)             Checksum: 75507E8F62CDB1DF6AC7BF721AEA3B1F;4169.
Package atveryend Info: Empty hook `AtVeryVeryEnd' on input line 3319.
 ) 
Here is how much of TeX's memory you used:
 11582 strings out of 480608
 184988 string characters out of 5903631
 475233 words of memory out of 5000000
 26589 multiletter control sequences out of 15000+600000
 594828 words of font info for 142 fonts, out of 8000000 for 9000
 1141 hyphenation exceptions out of 8191
 42i,12n,49p,1075b,506s stack positions out of 5000i,500n,10000p,200000b,80000s
{/usr/local/texlive/2020/texmf-dist/fonts/enc/dvips/lm/lm-mathit.enc}{/usr/lo
cal/texlive/2020/texmf-dist/fonts/enc/dvips/lm/lm-ts1.enc}{/usr/local/texlive/2
020/texmf-dist/fonts/enc/dvips/lm/lm-ec.enc}</usr/local/texlive/2020/texmf-dist
/fonts/type1/public/lm/lmbx12.pfb></usr/local/texlive/2020/texmf-dist/fonts/typ
e1/public/lm/lmmi12.pfb></usr/local/texlive/2020/texmf-dist/fonts/type1/public/
lm/lmmi8.pfb></usr/local/texlive/2020/texmf-dist/fonts/type1/public/lm/lmr12.pf
b></usr/local/texlive/2020/texmf-dist/fonts/type1/public/lm/lmri12.pfb></usr/lo
cal/texlive/2020/texmf-dist/fonts/type1/public/lm/lmro12.pfb></usr/local/texliv
e/2020/texmf-dist/fonts/type1/public/lm/lmtk10.pfb></usr/local/texlive/2020/tex
mf-dist/fonts/type1/public/lm/lmtt10.pfb></usr/local/texlive/2020/texmf-dist/fo
nts/type1/public/lm/lmtt12.pfb></usr/local/texlive/2020/texmf-dist/fonts/type1/
public/lm/lmtti10.pfb></usr/local/texlive/2020/texmf-dist/fonts/type1/public/lm
/lmtto10.pfb>
Output written on thesis.pdf (106 pages, 2174603 bytes).
PDF statistics:
 1396 PDF objects out of 1440 (max. 8388607)
 1188 compressed objects within 12 object streams
 439 named destinations out of 1000 (max. 500000)
 14936 words of extra memory for PDF output out of 17280 (max. 10000000)

